<?xml version="1.0" encoding="UTF-8"?>
<!-- Generated by org.testng.reporters.JUnitXMLReporter -->
<testsuite hostname="DESKTOP-UOSJI6I" ignored="0" name="Reporting Test" tests="3" failures="0" timestamp="2021-07-16T12:38:04 IST" time="0.054" errors="0">
  <testcase name="reporterTest1" time="0.008" classname="reporting.ReportTest"/>
  <testcase name="reporterTest2" time="0.002" classname="reporting.ReportTest"/>
  <testcase name="reporterTest3" time="0.003" classname="reporting.ReportTest"/>
</testsuite> <!-- Reporting Test -->
