<?xml version="1.0" encoding="UTF-8"?>
<!-- Generated by org.testng.reporters.JUnitXMLReporter -->
<testsuite hostname="DESKTOP-UOSJI6I" ignored="0" name="Test" tests="6" failures="2" timestamp="2021-07-21T19:09:24 IST" time="0.074" errors="0">
  <testcase name="test1" time="0.008" classname="listener.TestNgListenerDemo"/>
  <testcase name="test2" time="0.004" classname="listener.TestNgListenerDemo">
    <failure type="java.lang.AssertionError" message="null">
      <![CDATA[java.lang.AssertionError: null
at listener.TestNgListenerDemo.test2(TestNgListenerDemo.java:19)
at java.util.ArrayList.forEach(Unknown Source)
... Removed 29 stack frames]]>
    </failure>
  </testcase> <!-- test2 -->
  <testcase name="test3" time="0.001" classname="listener.TestNgListenerDemo">
    <skipped/>
  </testcase> <!-- test3 -->
  <testcase name="test4" time="0.001" classname="listener.TestNgListenerDemo2"/>
  <testcase name="test5" time="0.002" classname="listener.TestNgListenerDemo2">
    <failure type="java.lang.AssertionError" message="null">
      <![CDATA[java.lang.AssertionError: null
at listener.TestNgListenerDemo2.test5(TestNgListenerDemo2.java:19)
at java.util.ArrayList.forEach(Unknown Source)
... Removed 29 stack frames]]>
    </failure>
  </testcase> <!-- test5 -->
  <testcase name="test6" time="0.002" classname="listener.TestNgListenerDemo2">
    <skipped/>
  </testcase> <!-- test6 -->
</testsuite> <!-- Test -->
