<?xml version="1.0" encoding="UTF-8"?>
<!-- Generated by org.testng.reporters.JUnitXMLReporter -->
<testsuite hostname="DESKTOP-UOSJI6I" ignored="3" name="Regression Test" tests="3" failures="0" timestamp="2021-07-13T21:22:16 IST" time="0.061" errors="0">
  <testcase name="cTest" time="0.009" classname="dummytesting.GroupDemoTest"/>
  <testcase name="aTest" time="0.002" classname="dummytesting.GroupDemoTest"/>
  <testcase name="bTest" time="0.001" classname="dummytesting.GroupDemoTest"/>
  <testcase name="loginTest" time="0.0" classname="dummytesting.LoginTest">
    <ignored/>
  </testcase> <!-- loginTest -->
  <testcase name="dTest" time="0.0" classname="dummytesting.GroupDemoTest">
    <ignored/>
  </testcase> <!-- dTest -->
  <testcase name="logoutTest" time="0.0" classname="dummytesting.LoginTest">
    <ignored/>
  </testcase> <!-- logoutTest -->
</testsuite> <!-- Regression Test -->
