<?xml version="1.0" encoding="UTF-8"?>
<!-- Generated by org.testng.reporters.JUnitXMLReporter -->
<testsuite hostname="DESKTOP-UOSJI6I" ignored="6" name="GRP-bvt" tests="6" failures="0" timestamp="2021-07-14T09:45:51 IST" time="0.084" errors="0">
  <testcase name="cTest" time="0.008" classname="dummytesting.BeforeClassAfterClassEg"/>
  <testcase name="dTest" time="0.002" classname="dummytesting.BeforeClassAfterClassEg"/>
  <testcase name="cTest" time="0.002" classname="dummytesting.BeforeGroupAfterGroup"/>
  <testcase name="dTest" time="0.001" classname="dummytesting.BeforeGroupAfterGroup"/>
  <testcase name="cTest" time="0.001" classname="dummytesting.GroupDemoTest"/>
  <testcase name="dTest" time="0.001" classname="dummytesting.GroupDemoTest"/>
  <testcase name="bTest" time="0.0" classname="dummytesting.GroupDemoTest">
    <ignored/>
  </testcase> <!-- bTest -->
  <testcase name="bTest" time="0.0" classname="dummytesting.BeforeGroupAfterGroup">
    <ignored/>
  </testcase> <!-- bTest -->
  <testcase name="aTest" time="0.0" classname="dummytesting.BeforeGroupAfterGroup">
    <ignored/>
  </testcase> <!-- aTest -->
  <testcase name="aTest" time="0.0" classname="dummytesting.GroupDemoTest">
    <ignored/>
  </testcase> <!-- aTest -->
  <testcase name="aTest" time="0.0" classname="dummytesting.BeforeClassAfterClassEg">
    <ignored/>
  </testcase> <!-- aTest -->
  <testcase name="bTest" time="0.0" classname="dummytesting.BeforeClassAfterClassEg">
    <ignored/>
  </testcase> <!-- bTest -->
</testsuite> <!-- GRP-bvt -->
