<?xml version="1.0" encoding="UTF-8"?>
<!-- Generated by org.testng.reporters.JUnitXMLReporter -->
<testsuite hostname="DESKTOP-UOSJI6I" ignored="2" name="GRP-regression" tests="6" failures="0" timestamp="2021-07-14T09:47:14 IST" time="0.075" errors="0">
  <testcase name="cTest" time="0.006" classname="dummytesting.BeforeGroupAfterGroup"/>
  <testcase name="aTest" time="0.001" classname="dummytesting.BeforeGroupAfterGroup"/>
  <testcase name="bTest" time="0.002" classname="dummytesting.BeforeGroupAfterGroup"/>
  <testcase name="cTest" time="0.002" classname="dummytesting.GroupDemoTest"/>
  <testcase name="aTest" time="0.001" classname="dummytesting.GroupDemoTest"/>
  <testcase name="bTest" time="0.001" classname="dummytesting.GroupDemoTest"/>
  <testcase name="dTest" time="0.0" classname="dummytesting.BeforeGroupAfterGroup">
    <ignored/>
  </testcase> <!-- dTest -->
  <testcase name="dTest" time="0.0" classname="dummytesting.GroupDemoTest">
    <ignored/>
  </testcase> <!-- dTest -->
</testsuite> <!-- GRP-regression -->
