<?xml version="1.0" encoding="UTF-8"?>
<!-- Generated by org.testng.reporters.JUnitXMLReporter -->
<testsuite hostname="DESKTOP-UOSJI6I" ignored="0" name="GRP-user-registration" tests="4" failures="0" timestamp="2021-07-13T20:59:06 IST" time="0.057" errors="0">
  <testcase name="aTest" time="0.009" classname="dummytesting.GroupDemoTest"/>
  <testcase name="bTest" time="0.002" classname="dummytesting.GroupDemoTest"/>
  <testcase name="cTest" time="0.003" classname="dummytesting.GroupDemoTest"/>
  <testcase name="dTest" time="0.001" classname="dummytesting.GroupDemoTest"/>
</testsuite> <!-- GRP-user-registration -->
