<?xml version="1.0" encoding="UTF-8"?>
<!-- Generated by org.testng.reporters.JUnitXMLReporter -->
<testsuite hostname="DESKTOP-UOSJI6I" ignored="0" name="Test Before Suite After Suite" tests="2" failures="1" timestamp="2021-07-15T17:23:04 IST" time="0.046" errors="0">
  <testcase name="signin" time="0.005" classname="dummytesting.DummyDemoSuite"/>
  <testcase name="signout" time="0.004" classname="dummytesting.DummyDemoSuite">
    <failure type="java.lang.AssertionError" message="expected [true] but found [false]">
      <![CDATA[java.lang.AssertionError: expected [true] but found [false]
at dummytesting.DummyDemoSuite.signout(DummyDemoSuite.java:17)
at java.util.ArrayList.forEach(Unknown Source)
... Removed 31 stack frames]]>
    </failure>
  </testcase> <!-- signout -->
</testsuite> <!-- Test Before Suite After Suite -->
